<?xml version="1.0" encoding="UTF-8"?>
<testsuite xmlns:xsi="http://www.w3.org/2001/XMLSchema-instance" xsi:noNamespaceSchemaLocation="https://maven.apache.org/surefire/maven-surefire-plugin/xsd/surefire-test-report.xsd" name="com.tutorials.MathUtilsTest" time="0.021" tests="2" errors="0" skipped="0" failures="0">
  <properties>
[...]
</properties>
  <testcase name="test_add_with_positive_integers" classname="com.tutorials.MathUtilsTest" time="0.014"/>
  <testcase name="test_area_of_circle" classname="com.tutorials.MathUtilsTest" time="0.002"/>
</testsuite>